# JRE version: Java(TM) SE Runtime Environment (8.0_74-b02) (build 1.8.0_74-b02)
# Java VM: Java HotSpot(TM) 64-Bit Server VM (25.74-b02 mixed mode windows-amd64 compressed oops)
Heap:
 PSYoungGen      total 62976K, used 14301K [0x00000000f5580000, 0x00000000fc800000, 0x0000000100000000)
  eden space 57856K, 15% used [0x00000000f5580000,0x00000000f5e78810,0x00000000f8e00000)
  from space 5120K, 99% used [0x00000000f9a80000,0x00000000f9f7ef38,0x00000000f9f80000)
  to   space 12800K, 0% used [0x00000000f8e00000,0x00000000f8e00000,0x00000000f9a80000)
 ParOldGen       total 73728K, used 18879K [0x00000000e0000000, 0x00000000e4800000, 0x00000000f5580000)
  object space 73728K, 25% used [0x00000000e0000000,0x00000000e126fc60,0x00000000e4800000)
 Metaspace       used 23508K, capacity 23914K, committed 24192K, reserved 1071104K
  class space    used 2723K, capacity 2835K, committed 2944K, reserved 1048576K
GC Heap History (10 events):
Event: 1.642 GC heap before
{Heap before GC invocations=3 (full 0):
 PSYoungGen      total 37888K, used 37859K [0x00000000f5580000, 0x00000000f7f80000, 0x0000000100000000)
  eden space 32768K, 100% used [0x00000000f5580000,0x00000000f7580000,0x00000000f7580000)
  from space 5120K, 99% used [0x00000000f7a80000,0x00000000f7f78f28,0x00000000f7f80000)
  to   space 5120K, 0% used [0x00000000f7580000,0x00000000f7580000,0x00000000f7a80000)
 ParOldGen       total 86016K, used 1902K [0x00000000e0000000, 0x00000000e5400000, 0x00000000f5580000)
  object space 86016K, 2% used [0x00000000e0000000,0x00000000e01db808,0x00000000e5400000)
 Metaspace       used 15139K, capacity 15378K, committed 15616K, reserved 1062912K
  class space    used 1853K, capacity 1939K, committed 2048K, reserved 1048576K
Event: 1.653 GC heap after
Heap after GC invocations=3 (full 0):
 PSYoungGen      total 37888K, used 5120K [0x00000000f5580000, 0x00000000f9f80000, 0x0000000100000000)
  eden space 32768K, 0% used [0x00000000f5580000,0x00000000f5580000,0x00000000f7580000)
  from space 5120K, 100% used [0x00000000f7580000,0x00000000f7a80000,0x00000000f7a80000)
  to   space 5120K, 0% used [0x00000000f9a80000,0x00000000f9a80000,0x00000000f9f80000)
 ParOldGen       total 86016K, used 4021K [0x00000000e0000000, 0x00000000e5400000, 0x00000000f5580000)
  object space 86016K, 4% used [0x00000000e0000000,0x00000000e03ed798,0x00000000e5400000)
 Metaspace       used 15139K, capacity 15378K, committed 15616K, reserved 1062912K
  class space    used 1853K, capacity 1939K, committed 2048K, reserved 1048576K
}
Event: 2.260 GC heap before
{Heap before GC invocations=4 (full 0):
 PSYoungGen      total 37888K, used 37888K [0x00000000f5580000, 0x00000000f9f80000, 0x0000000100000000)
  eden space 32768K, 100% used [0x00000000f5580000,0x00000000f7580000,0x00000000f7580000)
  from space 5120K, 100% used [0x00000000f7580000,0x00000000f7a80000,0x00000000f7a80000)
  to   space 5120K, 0% used [0x00000000f9a80000,0x00000000f9a80000,0x00000000f9f80000)
 ParOldGen       total 86016K, used 4021K [0x00000000e0000000, 0x00000000e5400000, 0x00000000f5580000)
  object space 86016K, 4% used [0x00000000e0000000,0x00000000e03ed798,0x00000000e5400000)
 Metaspace       used 16234K, capacity 16528K, committed 16640K, reserved 1064960K
  class space    used 1957K, capacity 2044K, committed 2048K, reserved 1048576K
Event: 2.273 GC heap after
Heap after GC invocations=4 (full 0):
 PSYoungGen      total 70656K, used 5104K [0x00000000f5580000, 0x00000000f9f80000, 0x0000000100000000)
  eden space 65536K, 0% used [0x00000000f5580000,0x00000000f5580000,0x00000000f9580000)
  from space 5120K, 99% used [0x00000000f9a80000,0x00000000f9f7c030,0x00000000f9f80000)
  to   space 5120K, 0% used [0x00000000f9580000,0x00000000f9580000,0x00000000f9a80000)
 ParOldGen       total 86016K, used 6368K [0x00000000e0000000, 0x00000000e5400000, 0x00000000f5580000)
  object space 86016K, 7% used [0x00000000e0000000,0x00000000e06382e8,0x00000000e5400000)
 Metaspace       used 16234K, capacity 16528K, committed 16640K, reserved 1064960K
  class space    used 1957K, capacity 2044K, committed 2048K, reserved 1048576K
}
Event: 3.380 GC heap before
{Heap before GC invocations=5 (full 0):
 PSYoungGen      total 70656K, used 49289K [0x00000000f5580000, 0x00000000f9f80000, 0x0000000100000000)
  eden space 65536K, 67% used [0x00000000f5580000,0x00000000f80a6758,0x00000000f9580000)
  from space 5120K, 99% used [0x00000000f9a80000,0x00000000f9f7c030,0x00000000f9f80000)
  to   space 5120K, 0% used [0x00000000f9580000,0x00000000f9580000,0x00000000f9a80000)
 ParOldGen       total 86016K, used 6368K [0x00000000e0000000, 0x00000000e5400000, 0x00000000f5580000)
  object space 86016K, 7% used [0x00000000e0000000,0x00000000e06382e8,0x00000000e5400000)
 Metaspace       used 20844K, capacity 21172K, committed 21296K, reserved 1069056K
  class space    used 2532K, capacity 2636K, committed 2688K, reserved 1048576K
Event: 3.402 GC heap after
Heap after GC invocations=5 (full 0):
 PSYoungGen      total 70656K, used 5088K [0x00000000f5580000, 0x00000000f9f80000, 0x0000000100000000)
  eden space 65536K, 0% used [0x00000000f5580000,0x00000000f5580000,0x00000000f9580000)
  from space 5120K, 99% used [0x00000000f9580000,0x00000000f9a78040,0x00000000f9a80000)
  to   space 5120K, 0% used [0x00000000f9a80000,0x00000000f9a80000,0x00000000f9f80000)
 ParOldGen       total 86016K, used 14367K [0x00000000e0000000, 0x00000000e5400000, 0x00000000f5580000)
  object space 86016K, 16% used [0x00000000e0000000,0x00000000e0e07cc8,0x00000000e5400000)
 Metaspace       used 20844K, capacity 21172K, committed 21296K, reserved 1069056K
  class space    used 2532K, capacity 2636K, committed 2688K, reserved 1048576K
}
Event: 3.402 GC heap before
{Heap before GC invocations=6 (full 1):
 PSYoungGen      total 70656K, used 5088K [0x00000000f5580000, 0x00000000f9f80000, 0x0000000100000000)
  eden space 65536K, 0% used [0x00000000f5580000,0x00000000f5580000,0x00000000f9580000)
  from space 5120K, 99% used [0x00000000f9580000,0x00000000f9a78040,0x00000000f9a80000)
  to   space 5120K, 0% used [0x00000000f9a80000,0x00000000f9a80000,0x00000000f9f80000)
 ParOldGen       total 86016K, used 14367K [0x00000000e0000000, 0x00000000e5400000, 0x00000000f5580000)
  object space 86016K, 16% used [0x00000000e0000000,0x00000000e0e07cc8,0x00000000e5400000)
 Metaspace       used 20844K, capacity 21172K, committed 21296K, reserved 1069056K
  class space    used 2532K, capacity 2636K, committed 2688K, reserved 1048576K
Event: 3.467 GC heap after
Heap after GC invocations=6 (full 1):
 PSYoungGen      total 70656K, used 0K [0x00000000f5580000, 0x00000000f9f80000, 0x0000000100000000)
  eden space 65536K, 0% used [0x00000000f5580000,0x00000000f5580000,0x00000000f9580000)
  from space 5120K, 0% used [0x00000000f9580000,0x00000000f9580000,0x00000000f9a80000)
  to   space 5120K, 0% used [0x00000000f9a80000,0x00000000f9a80000,0x00000000f9f80000)
 ParOldGen       total 73728K, used 14377K [0x00000000e0000000, 0x00000000e4800000, 0x00000000f5580000)
  object space 73728K, 19% used [0x00000000e0000000,0x00000000e0e0a528,0x00000000e4800000)
 Metaspace       used 20844K, capacity 21172K, committed 21296K, reserved 1069056K
  class space    used 2532K, capacity 2636K, committed 2688K, reserved 1048576K
}
Event: 5.326 GC heap before
{Heap before GC invocations=7 (full 1):
 PSYoungGen      total 70656K, used 65536K [0x00000000f5580000, 0x00000000f9f80000, 0x0000000100000000)
  eden space 65536K, 100% used [0x00000000f5580000,0x00000000f9580000,0x00000000f9580000)
  from space 5120K, 0% used [0x00000000f9580000,0x00000000f9580000,0x00000000f9a80000)
  to   space 5120K, 0% used [0x00000000f9a80000,0x00000000f9a80000,0x00000000f9f80000)
 ParOldGen       total 73728K, used 14377K [0x00000000e0000000, 0x00000000e4800000, 0x00000000f5580000)
  object space 73728K, 19% used [0x00000000e0000000,0x00000000e0e0a528,0x00000000e4800000)
 Metaspace       used 23365K, capacity 23786K, committed 23936K, reserved 1071104K
  class space    used 2722K, capacity 2835K, committed 2944K, reserved 1048576K
Event: 5.337 GC heap after
Heap after GC invocations=7 (full 1):
 PSYoungGen      total 62976K, used 5115K [0x00000000f5580000, 0x00000000fc800000, 0x0000000100000000)
  eden space 57856K, 0% used [0x00000000f5580000,0x00000000f5580000,0x00000000f8e00000)
  from space 5120K, 99% used [0x00000000f9a80000,0x00000000f9f7ef38,0x00000000f9f80000)
  to   space 12800K, 0% used [0x00000000f8e00000,0x00000000f8e00000,0x00000000f9a80000)
 ParOldGen       total 73728K, used 18879K [0x00000000e0000000, 0x00000000e4800000, 0x00000000f5580000)
  object space 73728K, 25% used [0x00000000e0000000,0x00000000e126fc60,0x00000000e4800000)
 Metaspace       used 23365K, capacity 23786K, committed 23936K, reserved 1071104K
  class space    used 2722K, capacity 2835K, committed 2944K, reserved 1048576K
}

