# JRE version: Java(TM) SE Runtime Environment (8.0_74-b02) (build 1.8.0_74-b02)
# Java VM: Java HotSpot(TM) 64-Bit Server VM (25.74-b02 mixed mode windows-amd64 compressed oops)
Heap:
 PSYoungGen      total 140800K, used 112156K [0x00000000f5580000, 0x00000000fe880000, 0x0000000100000000)
  eden space 131072K, 81% used [0x00000000f5580000,0x00000000fbd57330,0x00000000fd580000)
  from space 9728K, 59% used [0x00000000fdf00000,0x00000000fe4b0020,0x00000000fe880000)
  to   space 9728K, 0% used [0x00000000fd580000,0x00000000fd580000,0x00000000fdf00000)
 ParOldGen       total 86016K, used 9302K [0x00000000e0000000, 0x00000000e5400000, 0x00000000f5580000)
  object space 86016K, 10% used [0x00000000e0000000,0x00000000e09159c8,0x00000000e5400000)
 Metaspace       used 18808K, capacity 19238K, committed 19456K, reserved 1067008K
  class space    used 2156K, capacity 2252K, committed 2304K, reserved 1048576K
GC Heap History (10 events):
Event: 0.790 GC heap before
{Heap before GC invocations=2 (full 0):
 PSYoungGen      total 37888K, used 37362K [0x00000000f5580000, 0x00000000f7f80000, 0x0000000100000000)
  eden space 32768K, 100% used [0x00000000f5580000,0x00000000f7580000,0x00000000f7580000)
  from space 5120K, 89% used [0x00000000f7580000,0x00000000f79fcb88,0x00000000f7a80000)
  to   space 5120K, 0% used [0x00000000f7a80000,0x00000000f7a80000,0x00000000f7f80000)
 ParOldGen       total 86016K, used 8K [0x00000000e0000000, 0x00000000e5400000, 0x00000000f5580000)
  object space 86016K, 0% used [0x00000000e0000000,0x00000000e0002000,0x00000000e5400000)
 Metaspace       used 11341K, capacity 11522K, committed 11776K, reserved 1058816K
  class space    used 1424K, capacity 1475K, committed 1536K, reserved 1048576K
Event: 0.794 GC heap after
Heap after GC invocations=2 (full 0):
 PSYoungGen      total 37888K, used 5115K [0x00000000f5580000, 0x00000000f9f80000, 0x0000000100000000)
  eden space 32768K, 0% used [0x00000000f5580000,0x00000000f5580000,0x00000000f7580000)
  from space 5120K, 99% used [0x00000000f7a80000,0x00000000f7f7ef80,0x00000000f7f80000)
  to   space 5120K, 0% used [0x00000000f7580000,0x00000000f7580000,0x00000000f7a80000)
 ParOldGen       total 86016K, used 1235K [0x00000000e0000000, 0x00000000e5400000, 0x00000000f5580000)
  object space 86016K, 1% used [0x00000000e0000000,0x00000000e0134f80,0x00000000e5400000)
 Metaspace       used 11341K, capacity 11522K, committed 11776K, reserved 1058816K
  class space    used 1424K, capacity 1475K, committed 1536K, reserved 1048576K
}
Event: 1.299 GC heap before
{Heap before GC invocations=3 (full 0):
 PSYoungGen      total 37888K, used 37883K [0x00000000f5580000, 0x00000000f9f80000, 0x0000000100000000)
  eden space 32768K, 100% used [0x00000000f5580000,0x00000000f7580000,0x00000000f7580000)
  from space 5120K, 99% used [0x00000000f7a80000,0x00000000f7f7ef80,0x00000000f7f80000)
  to   space 5120K, 0% used [0x00000000f7580000,0x00000000f7580000,0x00000000f7a80000)
 ParOldGen       total 86016K, used 1235K [0x00000000e0000000, 0x00000000e5400000, 0x00000000f5580000)
  object space 86016K, 1% used [0x00000000e0000000,0x00000000e0134f80,0x00000000e5400000)
 Metaspace       used 14915K, capacity 15196K, committed 15616K, reserved 1062912K
  class space    used 1840K, capacity 1938K, committed 2048K, reserved 1048576K
Event: 1.306 GC heap after
Heap after GC invocations=3 (full 0):
 PSYoungGen      total 37888K, used 5088K [0x00000000f5580000, 0x00000000f9f80000, 0x0000000100000000)
  eden space 32768K, 0% used [0x00000000f5580000,0x00000000f5580000,0x00000000f7580000)
  from space 5120K, 99% used [0x00000000f7580000,0x00000000f7a78020,0x00000000f7a80000)
  to   space 5120K, 0% used [0x00000000f9a80000,0x00000000f9a80000,0x00000000f9f80000)
 ParOldGen       total 86016K, used 3803K [0x00000000e0000000, 0x00000000e5400000, 0x00000000f5580000)
  object space 86016K, 4% used [0x00000000e0000000,0x00000000e03b6d58,0x00000000e5400000)
 Metaspace       used 14915K, capacity 15196K, committed 15616K, reserved 1062912K
  class space    used 1840K, capacity 1938K, committed 2048K, reserved 1048576K
}
Event: 1.838 GC heap before
{Heap before GC invocations=4 (full 0):
 PSYoungGen      total 37888K, used 37856K [0x00000000f5580000, 0x00000000f9f80000, 0x0000000100000000)
  eden space 32768K, 100% used [0x00000000f5580000,0x00000000f7580000,0x00000000f7580000)
  from space 5120K, 99% used [0x00000000f7580000,0x00000000f7a78020,0x00000000f7a80000)
  to   space 5120K, 0% used [0x00000000f9a80000,0x00000000f9a80000,0x00000000f9f80000)
 ParOldGen       total 86016K, used 3803K [0x00000000e0000000, 0x00000000e5400000, 0x00000000f5580000)
  object space 86016K, 4% used [0x00000000e0000000,0x00000000e03b6d58,0x00000000e5400000)
 Metaspace       used 15946K, capacity 16224K, committed 16384K, reserved 1062912K
  class space    used 1947K, capacity 2044K, committed 2048K, reserved 1048576K
Event: 1.845 GC heap after
Heap after GC invocations=4 (full 0):
 PSYoungGen      total 70656K, used 5104K [0x00000000f5580000, 0x00000000f9f80000, 0x0000000100000000)
  eden space 65536K, 0% used [0x00000000f5580000,0x00000000f5580000,0x00000000f9580000)
  from space 5120K, 99% used [0x00000000f9a80000,0x00000000f9f7c050,0x00000000f9f80000)
  to   space 5120K, 0% used [0x00000000f9580000,0x00000000f9580000,0x00000000f9a80000)
 ParOldGen       total 86016K, used 6086K [0x00000000e0000000, 0x00000000e5400000, 0x00000000f5580000)
  object space 86016K, 7% used [0x00000000e0000000,0x00000000e05f18f8,0x00000000e5400000)
 Metaspace       used 15946K, capacity 16224K, committed 16384K, reserved 1062912K
  class space    used 1947K, capacity 2044K, committed 2048K, reserved 1048576K
}
Event: 2.733 GC heap before
{Heap before GC invocations=5 (full 0):
 PSYoungGen      total 70656K, used 70640K [0x00000000f5580000, 0x00000000f9f80000, 0x0000000100000000)
  eden space 65536K, 100% used [0x00000000f5580000,0x00000000f9580000,0x00000000f9580000)
  from space 5120K, 99% used [0x00000000f9a80000,0x00000000f9f7c050,0x00000000f9f80000)
  to   space 5120K, 0% used [0x00000000f9580000,0x00000000f9580000,0x00000000f9a80000)
 ParOldGen       total 86016K, used 6086K [0x00000000e0000000, 0x00000000e5400000, 0x00000000f5580000)
  object space 86016K, 7% used [0x00000000e0000000,0x00000000e05f18f8,0x00000000e5400000)
 Metaspace       used 17331K, capacity 17786K, committed 18048K, reserved 1064960K
  class space    used 2037K, capacity 2154K, committed 2176K, reserved 1048576K
Event: 2.749 GC heap after
Heap after GC invocations=5 (full 0):
 PSYoungGen      total 70656K, used 5088K [0x00000000f5580000, 0x00000000fe880000, 0x0000000100000000)
  eden space 65536K, 0% used [0x00000000f5580000,0x00000000f5580000,0x00000000f9580000)
  from space 5120K, 99% used [0x00000000f9580000,0x00000000f9a78020,0x00000000f9a80000)
  to   space 9728K, 0% used [0x00000000fdf00000,0x00000000fdf00000,0x00000000fe880000)
 ParOldGen       total 86016K, used 9302K [0x00000000e0000000, 0x00000000e5400000, 0x00000000f5580000)
  object space 86016K, 10% used [0x00000000e0000000,0x00000000e09159c8,0x00000000e5400000)
 Metaspace       used 17331K, capacity 17786K, committed 18048K, reserved 1064960K
  class space    used 2037K, capacity 2154K, committed 2176K, reserved 1048576K
}
Event: 3.267 GC heap before
{Heap before GC invocations=6 (full 0):
 PSYoungGen      total 70656K, used 70624K [0x00000000f5580000, 0x00000000fe880000, 0x0000000100000000)
  eden space 65536K, 100% used [0x00000000f5580000,0x00000000f9580000,0x00000000f9580000)
  from space 5120K, 99% used [0x00000000f9580000,0x00000000f9a78020,0x00000000f9a80000)
  to   space 9728K, 0% used [0x00000000fdf00000,0x00000000fdf00000,0x00000000fe880000)
 ParOldGen       total 86016K, used 9302K [0x00000000e0000000, 0x00000000e5400000, 0x00000000f5580000)
  object space 86016K, 10% used [0x00000000e0000000,0x00000000e09159c8,0x00000000e5400000)
 Metaspace       used 17610K, capacity 18048K, committed 18304K, reserved 1064960K
  class space    used 2039K, capacity 2155K, committed 2176K, reserved 1048576K
Event: 3.280 GC heap after
Heap after GC invocations=6 (full 0):
 PSYoungGen      total 140800K, used 5824K [0x00000000f5580000, 0x00000000fe880000, 0x0000000100000000)
  eden space 131072K, 0% used [0x00000000f5580000,0x00000000f5580000,0x00000000fd580000)
  from space 9728K, 59% used [0x00000000fdf00000,0x00000000fe4b0020,0x00000000fe880000)
  to   space 9728K, 0% used [0x00000000fd580000,0x00000000fd580000,0x00000000fdf00000)
 ParOldGen       total 86016K, used 9302K [0x00000000e0000000, 0x00000000e5400000, 0x00000000f5580000)
  object space 86016K, 10% used [0x00000000e0000000,0x00000000e09159c8,0x00000000e5400000)
 Metaspace       used 17610K, capacity 18048K, committed 18304K, reserved 1064960K
  class space    used 2039K, capacity 2155K, committed 2176K, reserved 1048576K
}

