# JRE version: Java(TM) SE Runtime Environment (8.0_74-b02) (build 1.8.0_74-b02)
# Java VM: Java HotSpot(TM) 64-Bit Server VM (25.74-b02 mixed mode windows-amd64 compressed oops)
Heap:
 PSYoungGen      total 140288K, used 113503K [0x00000000f5580000, 0x00000000fe880000, 0x0000000100000000)
  eden space 131072K, 81% used [0x00000000f5580000,0x00000000fbd2fc10,0x00000000fd580000)
  from space 9216K, 79% used [0x00000000fdf80000,0x00000000fe6a8040,0x00000000fe880000)
  to   space 9728K, 0% used [0x00000000fd580000,0x00000000fd580000,0x00000000fdf00000)
 ParOldGen       total 86016K, used 9495K [0x00000000e0000000, 0x00000000e5400000, 0x00000000f5580000)
  object space 86016K, 11% used [0x00000000e0000000,0x00000000e0945d60,0x00000000e5400000)
 Metaspace       used 18779K, capacity 19174K, committed 19456K, reserved 1067008K
  class space    used 2154K, capacity 2252K, committed 2304K, reserved 1048576K
GC Heap History (10 events):
Event: 0.795 GC heap before
{Heap before GC invocations=2 (full 0):
 PSYoungGen      total 37888K, used 37358K [0x00000000f5580000, 0x00000000f7f80000, 0x0000000100000000)
  eden space 32768K, 100% used [0x00000000f5580000,0x00000000f7580000,0x00000000f7580000)
  from space 5120K, 89% used [0x00000000f7580000,0x00000000f79fb9b8,0x00000000f7a80000)
  to   space 5120K, 0% used [0x00000000f7a80000,0x00000000f7a80000,0x00000000f7f80000)
 ParOldGen       total 86016K, used 8K [0x00000000e0000000, 0x00000000e5400000, 0x00000000f5580000)
  object space 86016K, 0% used [0x00000000e0000000,0x00000000e0002000,0x00000000e5400000)
 Metaspace       used 11336K, capacity 11522K, committed 11776K, reserved 1058816K
  class space    used 1424K, capacity 1475K, committed 1536K, reserved 1048576K
Event: 0.800 GC heap after
Heap after GC invocations=2 (full 0):
 PSYoungGen      total 37888K, used 5095K [0x00000000f5580000, 0x00000000f9f80000, 0x0000000100000000)
  eden space 32768K, 0% used [0x00000000f5580000,0x00000000f5580000,0x00000000f7580000)
  from space 5120K, 99% used [0x00000000f7a80000,0x00000000f7f79ce8,0x00000000f7f80000)
  to   space 5120K, 0% used [0x00000000f7580000,0x00000000f7580000,0x00000000f7a80000)
 ParOldGen       total 86016K, used 1258K [0x00000000e0000000, 0x00000000e5400000, 0x00000000f5580000)
  object space 86016K, 1% used [0x00000000e0000000,0x00000000e013aad0,0x00000000e5400000)
 Metaspace       used 11336K, capacity 11522K, committed 11776K, reserved 1058816K
  class space    used 1424K, capacity 1475K, committed 1536K, reserved 1048576K
}
Event: 1.299 GC heap before
{Heap before GC invocations=3 (full 0):
 PSYoungGen      total 37888K, used 37863K [0x00000000f5580000, 0x00000000f9f80000, 0x0000000100000000)
  eden space 32768K, 100% used [0x00000000f5580000,0x00000000f7580000,0x00000000f7580000)
  from space 5120K, 99% used [0x00000000f7a80000,0x00000000f7f79ce8,0x00000000f7f80000)
  to   space 5120K, 0% used [0x00000000f7580000,0x00000000f7580000,0x00000000f7a80000)
 ParOldGen       total 86016K, used 1258K [0x00000000e0000000, 0x00000000e5400000, 0x00000000f5580000)
  object space 86016K, 1% used [0x00000000e0000000,0x00000000e013aad0,0x00000000e5400000)
 Metaspace       used 14916K, capacity 15196K, committed 15616K, reserved 1062912K
  class space    used 1840K, capacity 1938K, committed 2048K, reserved 1048576K
Event: 1.306 GC heap after
Heap after GC invocations=3 (full 0):
 PSYoungGen      total 37888K, used 5104K [0x00000000f5580000, 0x00000000f9f80000, 0x0000000100000000)
  eden space 32768K, 0% used [0x00000000f5580000,0x00000000f5580000,0x00000000f7580000)
  from space 5120K, 99% used [0x00000000f7580000,0x00000000f7a7c010,0x00000000f7a80000)
  to   space 5120K, 0% used [0x00000000f9a80000,0x00000000f9a80000,0x00000000f9f80000)
 ParOldGen       total 86016K, used 3850K [0x00000000e0000000, 0x00000000e5400000, 0x00000000f5580000)
  object space 86016K, 4% used [0x00000000e0000000,0x00000000e03c29e0,0x00000000e5400000)
 Metaspace       used 14916K, capacity 15196K, committed 15616K, reserved 1062912K
  class space    used 1840K, capacity 1938K, committed 2048K, reserved 1048576K
}
Event: 1.808 GC heap before
{Heap before GC invocations=4 (full 0):
 PSYoungGen      total 37888K, used 37872K [0x00000000f5580000, 0x00000000f9f80000, 0x0000000100000000)
  eden space 32768K, 100% used [0x00000000f5580000,0x00000000f7580000,0x00000000f7580000)
  from space 5120K, 99% used [0x00000000f7580000,0x00000000f7a7c010,0x00000000f7a80000)
  to   space 5120K, 0% used [0x00000000f9a80000,0x00000000f9a80000,0x00000000f9f80000)
 ParOldGen       total 86016K, used 3850K [0x00000000e0000000, 0x00000000e5400000, 0x00000000f5580000)
  object space 86016K, 4% used [0x00000000e0000000,0x00000000e03c29e0,0x00000000e5400000)
 Metaspace       used 15947K, capacity 16224K, committed 16384K, reserved 1062912K
  class space    used 1947K, capacity 2044K, committed 2048K, reserved 1048576K
Event: 1.816 GC heap after
Heap after GC invocations=4 (full 0):
 PSYoungGen      total 70656K, used 5088K [0x00000000f5580000, 0x00000000f9f80000, 0x0000000100000000)
  eden space 65536K, 0% used [0x00000000f5580000,0x00000000f5580000,0x00000000f9580000)
  from space 5120K, 99% used [0x00000000f9a80000,0x00000000f9f78020,0x00000000f9f80000)
  to   space 5120K, 0% used [0x00000000f9580000,0x00000000f9580000,0x00000000f9a80000)
 ParOldGen       total 86016K, used 6180K [0x00000000e0000000, 0x00000000e5400000, 0x00000000f5580000)
  object space 86016K, 7% used [0x00000000e0000000,0x00000000e06092d0,0x00000000e5400000)
 Metaspace       used 15947K, capacity 16224K, committed 16384K, reserved 1062912K
  class space    used 1947K, capacity 2044K, committed 2048K, reserved 1048576K
}
Event: 2.612 GC heap before
{Heap before GC invocations=5 (full 0):
 PSYoungGen      total 70656K, used 70624K [0x00000000f5580000, 0x00000000f9f80000, 0x0000000100000000)
  eden space 65536K, 100% used [0x00000000f5580000,0x00000000f9580000,0x00000000f9580000)
  from space 5120K, 99% used [0x00000000f9a80000,0x00000000f9f78020,0x00000000f9f80000)
  to   space 5120K, 0% used [0x00000000f9580000,0x00000000f9580000,0x00000000f9a80000)
 ParOldGen       total 86016K, used 6180K [0x00000000e0000000, 0x00000000e5400000, 0x00000000f5580000)
  object space 86016K, 7% used [0x00000000e0000000,0x00000000e06092d0,0x00000000e5400000)
 Metaspace       used 17318K, capacity 17658K, committed 17792K, reserved 1064960K
  class space    used 2037K, capacity 2154K, committed 2176K, reserved 1048576K
Event: 2.623 GC heap after
Heap after GC invocations=5 (full 0):
 PSYoungGen      total 70656K, used 5104K [0x00000000f5580000, 0x00000000fe980000, 0x0000000100000000)
  eden space 65536K, 0% used [0x00000000f5580000,0x00000000f5580000,0x00000000f9580000)
  from space 5120K, 99% used [0x00000000f9580000,0x00000000f9a7c030,0x00000000f9a80000)
  to   space 10240K, 0% used [0x00000000fdf80000,0x00000000fdf80000,0x00000000fe980000)
 ParOldGen       total 86016K, used 9487K [0x00000000e0000000, 0x00000000e5400000, 0x00000000f5580000)
  object space 86016K, 11% used [0x00000000e0000000,0x00000000e0943d60,0x00000000e5400000)
 Metaspace       used 17318K, capacity 17658K, committed 17792K, reserved 1064960K
  class space    used 2037K, capacity 2154K, committed 2176K, reserved 1048576K
}
Event: 3.147 GC heap before
{Heap before GC invocations=6 (full 0):
 PSYoungGen      total 70656K, used 70640K [0x00000000f5580000, 0x00000000fe980000, 0x0000000100000000)
  eden space 65536K, 100% used [0x00000000f5580000,0x00000000f9580000,0x00000000f9580000)
  from space 5120K, 99% used [0x00000000f9580000,0x00000000f9a7c030,0x00000000f9a80000)
  to   space 10240K, 0% used [0x00000000fdf80000,0x00000000fdf80000,0x00000000fe980000)
 ParOldGen       total 86016K, used 9487K [0x00000000e0000000, 0x00000000e5400000, 0x00000000f5580000)
  object space 86016K, 11% used [0x00000000e0000000,0x00000000e0943d60,0x00000000e5400000)
 Metaspace       used 17610K, capacity 17984K, committed 18304K, reserved 1064960K
  class space    used 2039K, capacity 2155K, committed 2176K, reserved 1048576K
Event: 3.164 GC heap after
Heap after GC invocations=6 (full 0):
 PSYoungGen      total 140288K, used 7328K [0x00000000f5580000, 0x00000000fe880000, 0x0000000100000000)
  eden space 131072K, 0% used [0x00000000f5580000,0x00000000f5580000,0x00000000fd580000)
  from space 9216K, 79% used [0x00000000fdf80000,0x00000000fe6a8040,0x00000000fe880000)
  to   space 9728K, 0% used [0x00000000fd580000,0x00000000fd580000,0x00000000fdf00000)
 ParOldGen       total 86016K, used 9495K [0x00000000e0000000, 0x00000000e5400000, 0x00000000f5580000)
  object space 86016K, 11% used [0x00000000e0000000,0x00000000e0945d60,0x00000000e5400000)
 Metaspace       used 17610K, capacity 17984K, committed 18304K, reserved 1064960K
  class space    used 2039K, capacity 2155K, committed 2176K, reserved 1048576K
}

