# JRE version: Java(TM) SE Runtime Environment (8.0_74-b02) (build 1.8.0_74-b02)
# Java VM: Java HotSpot(TM) 64-Bit Server VM (25.74-b02 mixed mode windows-amd64 compressed oops)
Heap:
 PSYoungGen      total 37888K, used 16219K [0x00000000f5580000, 0x00000000f8200000, 0x0000000100000000)
  eden space 32768K, 49% used [0x00000000f5580000,0x00000000f6556ca8,0x00000000f7580000)
  from space 5120K, 0% used [0x00000000f7580000,0x00000000f7580000,0x00000000f7a80000)
  to   space 5632K, 0% used [0x00000000f7c80000,0x00000000f7c80000,0x00000000f8200000)
 ParOldGen       total 60928K, used 4151K [0x00000000e0000000, 0x00000000e3b80000, 0x00000000f5580000)
  object space 60928K, 6% used [0x00000000e0000000,0x00000000e040dd98,0x00000000e3b80000)
 Metaspace       used 12690K, capacity 12910K, committed 13312K, reserved 1067008K
  class space    used 1623K, capacity 1701K, committed 1792K, reserved 1048576K
GC Heap History (10 events):
Event: 0.822 GC heap before
{Heap before GC invocations=5 (full 2):
 PSYoungGen      total 37888K, used 3976K [0x00000000f5580000, 0x00000000f8880000, 0x0000000100000000)
  eden space 32768K, 0% used [0x00000000f5580000,0x00000000f5580000,0x00000000f7580000)
  from space 5120K, 77% used [0x00000000f7580000,0x00000000f79623b0,0x00000000f7a80000)
  to   space 5120K, 0% used [0x00000000f7a80000,0x00000000f7a80000,0x00000000f7f80000)
 ParOldGen       total 60928K, used 1750K [0x00000000e0000000, 0x00000000e3b80000, 0x00000000f5580000)
  object space 60928K, 2% used [0x00000000e0000000,0x00000000e01b5940,0x00000000e3b80000)
 Metaspace       used 10926K, capacity 11102K, committed 11264K, reserved 1069056K
  class space    used 1374K, capacity 1443K, committed 1536K, reserved 1048576K
Event: 0.836 GC heap after
Heap after GC invocations=5 (full 2):
 PSYoungGen      total 37888K, used 0K [0x00000000f5580000, 0x00000000f8880000, 0x0000000100000000)
  eden space 32768K, 0% used [0x00000000f5580000,0x00000000f5580000,0x00000000f7580000)
  from space 5120K, 0% used [0x00000000f7580000,0x00000000f7580000,0x00000000f7a80000)
  to   space 5120K, 0% used [0x00000000f7a80000,0x00000000f7a80000,0x00000000f7f80000)
 ParOldGen       total 60928K, used 4784K [0x00000000e0000000, 0x00000000e3b80000, 0x00000000f5580000)
  object space 60928K, 7% used [0x00000000e0000000,0x00000000e04ac028,0x00000000e3b80000)
 Metaspace       used 10926K, capacity 11102K, committed 11264K, reserved 1067008K
  class space    used 1374K, capacity 1443K, committed 1536K, reserved 1048576K
}
Event: 0.837 GC heap before
{Heap before GC invocations=6 (full 2):
 PSYoungGen      total 37888K, used 0K [0x00000000f5580000, 0x00000000f8880000, 0x0000000100000000)
  eden space 32768K, 0% used [0x00000000f5580000,0x00000000f5580000,0x00000000f7580000)
  from space 5120K, 0% used [0x00000000f7580000,0x00000000f7580000,0x00000000f7a80000)
  to   space 5120K, 0% used [0x00000000f7a80000,0x00000000f7a80000,0x00000000f7f80000)
 ParOldGen       total 60928K, used 4784K [0x00000000e0000000, 0x00000000e3b80000, 0x00000000f5580000)
  object space 60928K, 7% used [0x00000000e0000000,0x00000000e04ac028,0x00000000e3b80000)
 Metaspace       used 10926K, capacity 11102K, committed 11264K, reserved 1071104K
  class space    used 1374K, capacity 1443K, committed 1536K, reserved 1048576K
Event: 0.837 GC heap after
Heap after GC invocations=6 (full 2):
 PSYoungGen      total 37888K, used 0K [0x00000000f5580000, 0x00000000f8880000, 0x0000000100000000)
  eden space 32768K, 0% used [0x00000000f5580000,0x00000000f5580000,0x00000000f7580000)
  from space 5120K, 0% used [0x00000000f7a80000,0x00000000f7a80000,0x00000000f7f80000)
  to   space 5120K, 0% used [0x00000000f7580000,0x00000000f7580000,0x00000000f7a80000)
 ParOldGen       total 60928K, used 4784K [0x00000000e0000000, 0x00000000e3b80000, 0x00000000f5580000)
  object space 60928K, 7% used [0x00000000e0000000,0x00000000e04ac028,0x00000000e3b80000)
 Metaspace       used 10926K, capacity 11102K, committed 11264K, reserved 1071104K
  class space    used 1374K, capacity 1443K, committed 1536K, reserved 1048576K
}
Event: 0.837 GC heap before
{Heap before GC invocations=7 (full 3):
 PSYoungGen      total 37888K, used 0K [0x00000000f5580000, 0x00000000f8880000, 0x0000000100000000)
  eden space 32768K, 0% used [0x00000000f5580000,0x00000000f5580000,0x00000000f7580000)
  from space 5120K, 0% used [0x00000000f7a80000,0x00000000f7a80000,0x00000000f7f80000)
  to   space 5120K, 0% used [0x00000000f7580000,0x00000000f7580000,0x00000000f7a80000)
 ParOldGen       total 60928K, used 4784K [0x00000000e0000000, 0x00000000e3b80000, 0x00000000f5580000)
  object space 60928K, 7% used [0x00000000e0000000,0x00000000e04ac028,0x00000000e3b80000)
 Metaspace       used 10926K, capacity 11102K, committed 11264K, reserved 1071104K
  class space    used 1374K, capacity 1443K, committed 1536K, reserved 1048576K
Event: 0.858 GC heap after
Heap after GC invocations=7 (full 3):
 PSYoungGen      total 37888K, used 0K [0x00000000f5580000, 0x00000000f8880000, 0x0000000100000000)
  eden space 32768K, 0% used [0x00000000f5580000,0x00000000f5580000,0x00000000f7580000)
  from space 5120K, 0% used [0x00000000f7a80000,0x00000000f7a80000,0x00000000f7f80000)
  to   space 5120K, 0% used [0x00000000f7580000,0x00000000f7580000,0x00000000f7a80000)
 ParOldGen       total 60928K, used 4152K [0x00000000e0000000, 0x00000000e3b80000, 0x00000000f5580000)
  object space 60928K, 6% used [0x00000000e0000000,0x00000000e040e398,0x00000000e3b80000)
 Metaspace       used 10915K, capacity 11084K, committed 11264K, reserved 1067008K
  class space    used 1372K, capacity 1440K, committed 1536K, reserved 1048576K
}
Event: 0.858 GC heap before
{Heap before GC invocations=8 (full 3):
 PSYoungGen      total 37888K, used 639K [0x00000000f5580000, 0x00000000f8880000, 0x0000000100000000)
  eden space 32768K, 1% used [0x00000000f5580000,0x00000000f561fde0,0x00000000f7580000)
  from space 5120K, 0% used [0x00000000f7a80000,0x00000000f7a80000,0x00000000f7f80000)
  to   space 5120K, 0% used [0x00000000f7580000,0x00000000f7580000,0x00000000f7a80000)
 ParOldGen       total 60928K, used 4152K [0x00000000e0000000, 0x00000000e3b80000, 0x00000000f5580000)
  object space 60928K, 6% used [0x00000000e0000000,0x00000000e040e398,0x00000000e3b80000)
 Metaspace       used 10915K, capacity 11084K, committed 11264K, reserved 1073152K
  class space    used 1372K, capacity 1440K, committed 1536K, reserved 1048576K
Event: 0.859 GC heap after
Heap after GC invocations=8 (full 3):
 PSYoungGen      total 37888K, used 0K [0x00000000f5580000, 0x00000000f8200000, 0x0000000100000000)
  eden space 32768K, 0% used [0x00000000f5580000,0x00000000f5580000,0x00000000f7580000)
  from space 5120K, 0% used [0x00000000f7580000,0x00000000f7580000,0x00000000f7a80000)
  to   space 5632K, 0% used [0x00000000f7c80000,0x00000000f7c80000,0x00000000f8200000)
 ParOldGen       total 60928K, used 4152K [0x00000000e0000000, 0x00000000e3b80000, 0x00000000f5580000)
  object space 60928K, 6% used [0x00000000e0000000,0x00000000e040e398,0x00000000e3b80000)
 Metaspace       used 10915K, capacity 11084K, committed 11264K, reserved 1073152K
  class space    used 1372K, capacity 1440K, committed 1536K, reserved 1048576K
}
Event: 0.859 GC heap before
{Heap before GC invocations=9 (full 4):
 PSYoungGen      total 37888K, used 0K [0x00000000f5580000, 0x00000000f8200000, 0x0000000100000000)
  eden space 32768K, 0% used [0x00000000f5580000,0x00000000f5580000,0x00000000f7580000)
  from space 5120K, 0% used [0x00000000f7580000,0x00000000f7580000,0x00000000f7a80000)
  to   space 5632K, 0% used [0x00000000f7c80000,0x00000000f7c80000,0x00000000f8200000)
 ParOldGen       total 60928K, used 4152K [0x00000000e0000000, 0x00000000e3b80000, 0x00000000f5580000)
  object space 60928K, 6% used [0x00000000e0000000,0x00000000e040e398,0x00000000e3b80000)
 Metaspace       used 10915K, capacity 11084K, committed 11264K, reserved 1073152K
  class space    used 1372K, capacity 1440K, committed 1536K, reserved 1048576K
Event: 0.876 GC heap after
Heap after GC invocations=9 (full 4):
 PSYoungGen      total 37888K, used 0K [0x00000000f5580000, 0x00000000f8200000, 0x0000000100000000)
  eden space 32768K, 0% used [0x00000000f5580000,0x00000000f5580000,0x00000000f7580000)
  from space 5120K, 0% used [0x00000000f7580000,0x00000000f7580000,0x00000000f7a80000)
  to   space 5632K, 0% used [0x00000000f7c80000,0x00000000f7c80000,0x00000000f8200000)
 ParOldGen       total 60928K, used 4151K [0x00000000e0000000, 0x00000000e3b80000, 0x00000000f5580000)
  object space 60928K, 6% used [0x00000000e0000000,0x00000000e040dd98,0x00000000e3b80000)
 Metaspace       used 10915K, capacity 11084K, committed 11264K, reserved 1067008K
  class space    used 1372K, capacity 1440K, committed 1536K, reserved 1048576K
}

